  [1m[36m (1.1ms)[0m  [1mCREATE TABLE "schema_migrations" ("version" varchar NOT NULL) [0m
  [1m[35m (0.1ms)[0m  select sqlite_version(*)
  [1m[36m (1.1ms)[0m  [1mCREATE UNIQUE INDEX "unique_schema_migrations" ON "schema_migrations" ("version")[0m
  [1m[35mActiveRecord::SchemaMigration Load (0.1ms)[0m  SELECT "schema_migrations".* FROM "schema_migrations"
Migrating to CreateUsers (20160107234652)
  [1m[36m (0.1ms)[0m  [1mbegin transaction[0m
  [1m[35m (0.4ms)[0m  CREATE TABLE "users" ("id" INTEGER PRIMARY KEY AUTOINCREMENT NOT NULL, "first_name" varchar, "last_name" varchar, "username" varchar, "password" varchar, "created_at" datetime NOT NULL, "updated_at" datetime NOT NULL) 
  [1m[36mSQL (0.2ms)[0m  [1mINSERT INTO "schema_migrations" ("version") VALUES (?)[0m  [["version", "20160107234652"]]
  [1m[35m (0.6ms)[0m  commit transaction
Migrating to CreateTweets (20160107234857)
  [1m[36m (0.0ms)[0m  [1mbegin transaction[0m
  [1m[35m (0.4ms)[0m  CREATE TABLE "tweets" ("id" INTEGER PRIMARY KEY AUTOINCREMENT NOT NULL, "content" varchar, "user_id" integer, "created_at" datetime NOT NULL, "updated_at" datetime NOT NULL) 
  [1m[36mSQL (0.1ms)[0m  [1mINSERT INTO "schema_migrations" ("version") VALUES (?)[0m  [["version", "20160107234857"]]
  [1m[35m (0.6ms)[0m  commit transaction
  [1m[36mActiveRecord::SchemaMigration Load (0.1ms)[0m  [1mSELECT "schema_migrations".* FROM "schema_migrations"[0m
  [1m[36mActiveRecord::SchemaMigration Load (0.2ms)[0m  [1mSELECT "schema_migrations".* FROM "schema_migrations"[0m
Migrating to User (20160107235851)
  [1m[35m (0.1ms)[0m  begin transaction
  [1m[36mSQL (0.5ms)[0m  [1mINSERT INTO "schema_migrations" ("version") VALUES (?)[0m  [["version", "20160107235851"]]
  [1m[35m (1.6ms)[0m  commit transaction
  [1m[36mActiveRecord::SchemaMigration Load (0.1ms)[0m  [1mSELECT "schema_migrations".* FROM "schema_migrations"[0m
  [1m[36mActiveRecord::SchemaMigration Load (0.3ms)[0m  [1mSELECT "schema_migrations".* FROM "schema_migrations"[0m
  [1m[35mActiveRecord::SchemaMigration Load (0.1ms)[0m  SELECT "schema_migrations".* FROM "schema_migrations"
  [1m[36mActiveRecord::SchemaMigration Load (0.1ms)[0m  [1mSELECT "schema_migrations".* FROM "schema_migrations"[0m
Migrating to AddFollowingToUser (20160108000236)
  [1m[35m (0.1ms)[0m  begin transaction
  [1m[36m (0.5ms)[0m  [1mALTER TABLE "users" ADD "following" integer[0m
  [1m[35mSQL (0.2ms)[0m  INSERT INTO "schema_migrations" ("version") VALUES (?)  [["version", "20160108000236"]]
  [1m[36m (1.6ms)[0m  [1mcommit transaction[0m
  [1m[35mActiveRecord::SchemaMigration Load (0.2ms)[0m  SELECT "schema_migrations".* FROM "schema_migrations"
  [1m[36mUser Load (1.1ms)[0m  [1mSELECT "users".* FROM "users"[0m
  [1m[36mActiveRecord::SchemaMigration Load (0.1ms)[0m  [1mSELECT "schema_migrations".* FROM "schema_migrations"[0m
  [1m[35mActiveRecord::SchemaMigration Load (0.1ms)[0m  SELECT "schema_migrations".* FROM "schema_migrations"
  [1m[36mActiveRecord::SchemaMigration Load (0.3ms)[0m  [1mSELECT "schema_migrations".* FROM "schema_migrations"[0m
Migrating to AddFollowersToUser (20160108001528)
  [1m[35m (0.1ms)[0m  begin transaction
  [1m[36m (0.5ms)[0m  [1mALTER TABLE "users" ADD "follower" integer[0m
  [1m[35mSQL (0.2ms)[0m  INSERT INTO "schema_migrations" ("version") VALUES (?)  [["version", "20160108001528"]]
  [1m[36m (1.6ms)[0m  [1mcommit transaction[0m
  [1m[35mActiveRecord::SchemaMigration Load (0.4ms)[0m  SELECT "schema_migrations".* FROM "schema_migrations"
  [1m[36mActiveRecord::SchemaMigration Load (0.1ms)[0m  [1mSELECT "schema_migrations".* FROM "schema_migrations"[0m
Migrating to CreateUserTwos (20160108002012)
  [1m[35m (0.1ms)[0m  begin transaction
  [1m[36m (0.4ms)[0m  [1mCREATE TABLE "user_twos" ("id" INTEGER PRIMARY KEY AUTOINCREMENT NOT NULL, "first_name" varchar, "last_name" varchar, "username" varchar, "user_id" integer, "following" integer, "follower" integer, "created_at" datetime NOT NULL, "updated_at" datetime NOT NULL) [0m
  [1m[35mSQL (0.2ms)[0m  INSERT INTO "schema_migrations" ("version") VALUES (?)  [["version", "20160108002012"]]
  [1m[36m (1.6ms)[0m  [1mcommit transaction[0m
  [1m[35mActiveRecord::SchemaMigration Load (0.1ms)[0m  SELECT "schema_migrations".* FROM "schema_migrations"
  [1m[36mActiveRecord::SchemaMigration Load (0.1ms)[0m  [1mSELECT "schema_migrations".* FROM "schema_migrations"[0m
Migrating to CreateUserUserTwos (20160108002620)
  [1m[35m (0.3ms)[0m  begin transaction
  [1m[36m (0.4ms)[0m  [1mCREATE TABLE "user_user_twos" ("id" INTEGER PRIMARY KEY AUTOINCREMENT NOT NULL, "user_id" integer, "user_two_id" integer, "created_at" datetime NOT NULL, "updated_at" datetime NOT NULL) [0m
  [1m[35mSQL (0.2ms)[0m  INSERT INTO "schema_migrations" ("version") VALUES (?)  [["version", "20160108002620"]]
  [1m[36m (1.8ms)[0m  [1mcommit transaction[0m
  [1m[35mActiveRecord::SchemaMigration Load (0.1ms)[0m  SELECT "schema_migrations".* FROM "schema_migrations"
  [1m[36mUser Load (1.2ms)[0m  [1mSELECT "users".* FROM "users"[0m
  [1m[35mUserTwo Load (0.3ms)[0m  SELECT "user_twos".* FROM "user_twos"
  [1m[36mUserTwo Load (0.2ms)[0m  [1mSELECT "user_twos".* FROM "user_twos"[0m
  [1m[35mUser Load (0.3ms)[0m  SELECT  "users".* FROM "users"  ORDER BY "users"."id" ASC LIMIT 1
  [1m[36mUser Load (0.2ms)[0m  [1mSELECT  "users".* FROM "users"  ORDER BY "users"."id" ASC LIMIT 1[0m
  [1m[35mUser Load (0.2ms)[0m  SELECT "users".* FROM "users"
  [1m[36m (0.2ms)[0m  [1mbegin transaction[0m
  [1m[35mSQL (0.5ms)[0m  INSERT INTO "users" ("first_name", "created_at", "updated_at") VALUES (?, ?, ?)  [["first_name", "Lusi"], ["created_at", "2016-01-08 00:36:26.168812"], ["updated_at", "2016-01-08 00:36:26.168812"]]
  [1m[36m (1.6ms)[0m  [1mcommit transaction[0m
  [1m[35m (0.1ms)[0m  begin transaction
  [1m[36mSQL (0.8ms)[0m  [1mINSERT INTO "user_twos" ("first_name", "created_at", "updated_at") VALUES (?, ?, ?)[0m  [["first_name", "AA"], ["created_at", "2016-01-08 00:36:51.162655"], ["updated_at", "2016-01-08 00:36:51.162655"]]
  [1m[35m (1.7ms)[0m  commit transaction
  [1m[36m (0.1ms)[0m  [1mbegin transaction[0m
  [1m[35mSQL (0.7ms)[0m  INSERT INTO "tweets" ("content", "created_at", "updated_at") VALUES (?, ?, ?)  [["content", "hiiiiii"], ["created_at", "2016-01-08 00:37:16.746438"], ["updated_at", "2016-01-08 00:37:16.746438"]]
  [1m[36m (1.6ms)[0m  [1mcommit transaction[0m
  [1m[35mUser Load (0.3ms)[0m  SELECT  "users".* FROM "users"  ORDER BY "users"."id" ASC LIMIT 1
  [1m[36mTweet Load (0.2ms)[0m  [1mSELECT "tweets".* FROM "tweets" WHERE "tweets"."user_id" = ?[0m  [["user_id", 1]]
  [1m[35mTweet Load (0.3ms)[0m  SELECT  "tweets".* FROM "tweets"  ORDER BY "tweets"."id" ASC LIMIT 1
  [1m[36mTweet Load (0.2ms)[0m  [1mSELECT  "tweets".* FROM "tweets"  ORDER BY "tweets"."id" ASC LIMIT 1[0m
  [1m[35m (0.2ms)[0m  begin transaction
  [1m[36mSQL (0.5ms)[0m  [1mINSERT INTO "tweets" ("content", "created_at", "updated_at") VALUES (?, ?, ?)[0m  [["content", "hello"], ["created_at", "2016-01-08 00:38:58.185796"], ["updated_at", "2016-01-08 00:38:58.185796"]]
  [1m[35m (1.6ms)[0m  commit transaction
  [1m[36m (0.1ms)[0m  [1mbegin transaction[0m
  [1m[35mSQL (0.6ms)[0m  INSERT INTO "users" ("first_name", "created_at", "updated_at") VALUES (?, ?, ?)  [["first_name", "mac"], ["created_at", "2016-01-08 00:39:43.016095"], ["updated_at", "2016-01-08 00:39:43.016095"]]
  [1m[36m (1.8ms)[0m  [1mcommit transaction[0m
  [1m[35mUser Load (0.3ms)[0m  SELECT "users".* FROM "users"
  [1m[36mTweet Load (0.3ms)[0m  [1mSELECT  "tweets".* FROM "tweets"  ORDER BY "tweets"."id" ASC LIMIT 1[0m
  [1m[35mTweet Load (0.2ms)[0m  SELECT  "tweets".* FROM "tweets" WHERE "tweets"."id" = ? LIMIT 1  [["id", 1]]
  [1m[36mTweet Load (0.2ms)[0m  [1mSELECT  "tweets".* FROM "tweets" WHERE "tweets"."id" = ? LIMIT 1[0m  [["id", 1]]
  [1m[35m (0.1ms)[0m  begin transaction
  [1m[36mSQL (0.5ms)[0m  [1mUPDATE "tweets" SET "user_id" = ?, "updated_at" = ? WHERE "tweets"."id" = ?[0m  [["user_id", 1], ["updated_at", "2016-01-08 00:42:05.770443"], ["id", 1]]
  [1m[35m (1.5ms)[0m  commit transaction
  [1m[36m (0.1ms)[0m  [1mbegin transaction[0m
  [1m[35m (0.1ms)[0m  commit transaction
  [1m[36mTweet Load (0.2ms)[0m  [1mSELECT  "tweets".* FROM "tweets"  ORDER BY "tweets"."id" ASC LIMIT 1[0m
  [1m[35mTweet Load (0.2ms)[0m  SELECT  "tweets".* FROM "tweets"  ORDER BY "tweets"."id" ASC LIMIT 1
  [1m[36mTweet Load (0.2ms)[0m  [1mSELECT "tweets".* FROM "tweets"[0m
  [1m[35mUser Load (0.3ms)[0m  SELECT  "users".* FROM "users" WHERE "users"."id" = ? LIMIT 1  [["id", 1]]
  [1m[36mUser Load (0.3ms)[0m  [1mSELECT  "users".* FROM "users"  ORDER BY "users"."id" ASC LIMIT 1[0m
  [1m[35mTweet Load (0.2ms)[0m  SELECT "tweets".* FROM "tweets" WHERE "tweets"."user_id" = ?  [["user_id", 1]]
  [1m[36mTweet Load (0.2ms)[0m  [1mSELECT  "tweets".* FROM "tweets"  ORDER BY "tweets"."id" ASC LIMIT 1[0m
  [1m[35mTweet Load (0.3ms)[0m  SELECT  "tweets".* FROM "tweets"  ORDER BY "tweets"."id" ASC LIMIT 1
  [1m[36mUser Load (0.2ms)[0m  [1mSELECT  "users".* FROM "users" WHERE "users"."id" = ? LIMIT 1[0m  [["id", 2]]
  [1m[35mUserTwo Load (0.2ms)[0m  SELECT "user_twos".* FROM "user_twos"
  [1m[36mUserTwo Load (0.3ms)[0m  [1mSELECT  "user_twos".* FROM "user_twos" WHERE "user_twos"."id" = ? LIMIT 1[0m  [["id", 1]]
  [1m[35m (0.1ms)[0m  begin transaction
  [1m[36mSQL (0.6ms)[0m  [1mUPDATE "user_twos" SET "user_id" = ?, "updated_at" = ? WHERE "user_twos"."id" = ?[0m  [["user_id", 3], ["updated_at", "2016-01-08 00:49:22.247861"], ["id", 1]]
  [1m[35m (1.6ms)[0m  commit transaction
  [1m[36m (0.1ms)[0m  [1mbegin transaction[0m
  [1m[35m (0.1ms)[0m  commit transaction
  [1m[36mUser Load (0.2ms)[0m  [1mSELECT  "users".* FROM "users" WHERE "users"."id" = ? LIMIT 1[0m  [["id", 1]]
  [1m[35mUser Load (0.2ms)[0m  SELECT  "users".* FROM "users" WHERE "users"."id" = ? LIMIT 1  [["id", 1]]
  [1m[36mTweet Load (0.2ms)[0m  [1mSELECT "tweets".* FROM "tweets" WHERE "tweets"."user_id" = ?[0m  [["user_id", 1]]
  [1m[35m (0.1ms)[0m  begin transaction
  [1m[36mSQL (0.5ms)[0m  [1mINSERT INTO "users" ("first_name", "created_at", "updated_at") VALUES (?, ?, ?)[0m  [["first_name", "cheese"], ["created_at", "2016-01-08 00:52:00.749239"], ["updated_at", "2016-01-08 00:52:00.749239"]]
  [1m[35m (1.8ms)[0m  commit transaction
  [1m[36m (0.2ms)[0m  [1mbegin transaction[0m
  [1m[35mSQL (1.8ms)[0m  INSERT INTO "tweets" ("content", "user_id", "created_at", "updated_at") VALUES (?, ?, ?, ?)  [["content", "test"], ["user_id", 2], ["created_at", "2016-01-08 00:52:49.398967"], ["updated_at", "2016-01-08 00:52:49.398967"]]
  [1m[36m (1.5ms)[0m  [1mcommit transaction[0m
  [1m[35mTweet Load (0.2ms)[0m  SELECT "tweets".* FROM "tweets"
  [1m[36mTweet Load (0.2ms)[0m  [1mSELECT  "tweets".* FROM "tweets"  ORDER BY "tweets"."id" ASC LIMIT 1[0m
  [1m[35mUser Load (0.3ms)[0m  SELECT  "users".* FROM "users"  ORDER BY "users"."id" ASC LIMIT 1
  [1m[36mTweet Load (0.2ms)[0m  [1mSELECT "tweets".* FROM "tweets" WHERE "tweets"."user_id" = ?[0m  [["user_id", 1]]
  [1m[35mUser Load (0.3ms)[0m  SELECT  "users".* FROM "users"  ORDER BY "users"."id" DESC LIMIT 1
  [1m[36mTweet Load (0.2ms)[0m  [1mSELECT "tweets".* FROM "tweets" WHERE "tweets"."user_id" = ?[0m  [["user_id", 3]]
  [1m[35mUser Load (0.2ms)[0m  SELECT  "users".* FROM "users" WHERE "users"."id" = ? LIMIT 1  [["id", 3]]
  [1m[36mUser Load (0.2ms)[0m  [1mSELECT  "users".* FROM "users" WHERE "users"."id" = ? LIMIT 1[0m  [["id", 2]]
  [1m[35mTweet Load (0.2ms)[0m  SELECT "tweets".* FROM "tweets" WHERE "tweets"."user_id" = ?  [["user_id", 2]]
  [1m[36mTweet Load (0.2ms)[0m  [1mSELECT "tweets".* FROM "tweets"[0m
  [1m[35mUser Load (0.2ms)[0m  SELECT  "users".* FROM "users" WHERE "users"."id" = ? LIMIT 1  [["id", 2]]
  [1m[36mTweet Load (0.2ms)[0m  [1mSELECT "tweets".* FROM "tweets" WHERE "tweets"."user_id" = ?[0m  [["user_id", 2]]
  [1m[35mTweet Load (0.4ms)[0m  SELECT  "tweets".* FROM "tweets"  ORDER BY "tweets"."id" ASC LIMIT 1
  [1m[36mTweet Load (0.2ms)[0m  [1mSELECT  "tweets".* FROM "tweets"  ORDER BY "tweets"."id" ASC LIMIT 1[0m
  [1m[35mTweet Load (0.2ms)[0m  SELECT  "tweets".* FROM "tweets"  ORDER BY "tweets"."id" ASC LIMIT 1
  [1m[36mUser Load (0.3ms)[0m  [1mSELECT  "users".* FROM "users"  ORDER BY "users"."id" ASC LIMIT 1[0m
  [1m[35mTweet Load (0.2ms)[0m  SELECT "tweets".* FROM "tweets" WHERE "tweets"."user_id" = ?  [["user_id", 1]]
  [1m[36mUser Load (0.3ms)[0m  [1mSELECT "users".* FROM "users"[0m
  [1m[35mTweet Load (0.2ms)[0m  SELECT "tweets".* FROM "tweets"
  [1m[36mTweet Load (0.2ms)[0m  [1mSELECT  "tweets".* FROM "tweets" WHERE "tweets"."id" = ? LIMIT 1[0m  [["id", 2]]
  [1m[35m (0.1ms)[0m  begin transaction
  [1m[36mSQL (1.9ms)[0m  [1mUPDATE "tweets" SET "user_id" = ?, "updated_at" = ? WHERE "tweets"."id" = ?[0m  [["user_id", 2], ["updated_at", "2016-01-08 01:06:50.385594"], ["id", 2]]
  [1m[35m (1.5ms)[0m  commit transaction
  [1m[36m (0.1ms)[0m  [1mbegin transaction[0m
  [1m[35m (0.1ms)[0m  commit transaction
  [1m[36mTweet Load (0.3ms)[0m  [1mSELECT "tweets".* FROM "tweets"[0m
  [1m[35mUser Load (0.3ms)[0m  SELECT  "users".* FROM "users"  ORDER BY "users"."id" ASC LIMIT 1
  [1m[36mTweet Load (0.2ms)[0m  [1mSELECT "tweets".* FROM "tweets" WHERE "tweets"."user_id" = ?[0m  [["user_id", 1]]
  [1m[35mTweet Load (0.3ms)[0m  SELECT  "tweets".* FROM "tweets"  ORDER BY "tweets"."id" ASC LIMIT 1
  [1m[36mTweet Load (0.2ms)[0m  [1mSELECT  "tweets".* FROM "tweets"  ORDER BY "tweets"."id" ASC LIMIT 1[0m
  [1m[36mTweet Load (0.2ms)[0m  [1mSELECT  "tweets".* FROM "tweets"  ORDER BY "tweets"."id" ASC LIMIT 1[0m
  [1m[35mUser Load (0.2ms)[0m  SELECT  "users".* FROM "users" WHERE "users"."id" = ? LIMIT 1  [["id", 1]]
  [1m[36mUserUserTwo Load (0.2ms)[0m  [1mSELECT "user_user_twos".* FROM "user_user_twos"[0m
  [1m[35m (0.1ms)[0m  begin transaction
  [1m[36mSQL (0.4ms)[0m  [1mINSERT INTO "user_user_twos" ("user_id", "user_two_id", "created_at", "updated_at") VALUES (?, ?, ?, ?)[0m  [["user_id", 2], ["user_two_id", 3], ["created_at", "2016-01-08 01:17:39.540598"], ["updated_at", "2016-01-08 01:17:39.540598"]]
  [1m[35m (4.3ms)[0m  commit transaction
  [1m[36mUserTwo Load (0.3ms)[0m  [1mSELECT "user_twos".* FROM "user_twos"[0m
  [1m[35m (0.1ms)[0m  begin transaction
  [1m[36mSQL (0.6ms)[0m  [1mINSERT INTO "user_twos" ("first_name", "created_at", "updated_at") VALUES (?, ?, ?)[0m  [["first_name", "BB"], ["created_at", "2016-01-08 01:18:41.503566"], ["updated_at", "2016-01-08 01:18:41.503566"]]
  [1m[35m (4.8ms)[0m  commit transaction
  [1m[36m (0.1ms)[0m  [1mbegin transaction[0m
  [1m[35mSQL (0.6ms)[0m  INSERT INTO "user_twos" ("first_name", "created_at", "updated_at") VALUES (?, ?, ?)  [["first_name", "CC"], ["created_at", "2016-01-08 01:18:56.803582"], ["updated_at", "2016-01-08 01:18:56.803582"]]
  [1m[36m (1.7ms)[0m  [1mcommit transaction[0m
  [1m[35mUser Load (0.4ms)[0m  SELECT  "users".* FROM "users"  ORDER BY "users"."id" ASC LIMIT 1
  [1m[36mUser Load (0.3ms)[0m  [1mSELECT  "users".* FROM "users"  ORDER BY "users"."id" ASC LIMIT 1[0m
  [1m[35mUser Load (0.2ms)[0m  SELECT  "users".* FROM "users"  ORDER BY "users"."id" ASC LIMIT 1
  [1m[36mUser Load (0.2ms)[0m  [1mSELECT  "users".* FROM "users"  ORDER BY "users"."id" ASC LIMIT 1[0m
  [1m[35mUser Load (0.2ms)[0m  SELECT  "users".* FROM "users"  ORDER BY "users"."id" ASC LIMIT 1
  [1m[36mUser Load (0.2ms)[0m  [1mSELECT  "users".* FROM "users"  ORDER BY "users"."id" ASC LIMIT 1[0m
  [1m[35mUserTwo Load (0.3ms)[0m  SELECT  "user_twos".* FROM "user_twos"  ORDER BY "user_twos"."id" ASC LIMIT 1
  [1m[36mUser Load (0.4ms)[0m  [1mSELECT  "users".* FROM "users"  ORDER BY "users"."id" ASC LIMIT 1[0m
  [1m[36mUser Load (0.2ms)[0m  [1mSELECT  "users".* FROM "users"  ORDER BY "users"."id" ASC LIMIT 1[0m
  [1m[35mUserTwo Load (0.2ms)[0m  SELECT "user_twos".* FROM "user_twos" INNER JOIN "user_user_twos" ON "user_twos"."id" = "user_user_twos"."user_two_id" WHERE "user_user_twos"."user_id" = ?  [["user_id", 1]]
  [1m[36mUserTwo Load (0.4ms)[0m  [1mSELECT  "user_twos".* FROM "user_twos"  ORDER BY "user_twos"."id" ASC LIMIT 1[0m
  [1m[35mUser Load (0.2ms)[0m  SELECT "users".* FROM "users" INNER JOIN "user_user_twos" ON "users"."id" = "user_user_twos"."user_id" WHERE "user_user_twos"."user_two_id" = ?  [["user_two_id", 1]]
  [1m[36mUser Load (0.2ms)[0m  [1mSELECT  "users".* FROM "users" WHERE "users"."id" = ? LIMIT 1[0m  [["id", 2]]
  [1m[35mUserTwo Load (0.1ms)[0m  SELECT "user_twos".* FROM "user_twos" INNER JOIN "user_user_twos" ON "user_twos"."id" = "user_user_twos"."user_two_id" WHERE "user_user_twos"."user_id" = ?  [["user_id", 2]]
